This is pdfTeX, Version 3.14159265-2.6-1.40.20 (TeX Live 2019) (preloaded format=pdflatex 2020.1.21)  23 OCT 2020 14:37
entering extended mode
 restricted \write18 enabled.
 %&-line parsing enabled.
**Tesi.tex
(./Tesi.tex
LaTeX2e <2019-10-01>
(/usr/local/texlive/2019basic/texmf-dist/tex/latex/base/report.cls
Document Class: report 2019/08/27 v1.4j Standard LaTeX document class
(/usr/local/texlive/2019basic/texmf-dist/tex/latex/base/size10.clo
File: size10.clo 2019/08/27 v1.4j Standard LaTeX file (size option)
)
\c@part=\count80
\c@chapter=\count81
\c@section=\count82
\c@subsection=\count83
\c@subsubsection=\count84
\c@paragraph=\count85
\c@subparagraph=\count86
\c@figure=\count87
\c@table=\count88
\abovecaptionskip=\skip41
\belowcaptionskip=\skip42
\bibindent=\dimen102
)
(/usr/local/texlive/2019basic/texmf-dist/tex/latex/base/inputenc.sty
Package: inputenc 2018/08/11 v1.3c Input encoding file
\inpenc@prehook=\toks14
\inpenc@posthook=\toks15
)
(/usr/local/texlive/2019basic/texmf-dist/tex/generic/babel/babel.sty
Package: babel 2019/09/27 3.34 The Babel package

(/usr/local/texlive/2019basic/texmf-dist/tex/generic/babel/switch.def
File: switch.def 2019/09/27 3.34 Babel switching mechanism
)
(/usr/local/texlive/2019basic/texmf-dist/tex/generic/babel-english/english.ldf
Language: english 2017/06/06 v3.3r English support from the babel system

(/usr/local/texlive/2019basic/texmf-dist/tex/generic/babel/babel.def
File: babel.def 2019/09/27 3.34 Babel common definitions
\babel@savecnt=\count89
\U@D=\dimen103

(/usr/local/texlive/2019basic/texmf-dist/tex/generic/babel/txtbabel.def)
\bbl@dirlevel=\count90
)
\l@canadian = a dialect from \language\l@american 
\l@australian = a dialect from \language\l@british 
\l@newzealand = a dialect from \language\l@british 
)
(/usr/local/texlive/2019basic/texmf-dist/tex/generic/babel-italian/italian.ldf
Language: italian 2019/01/05 v.1.4.01 Italian support for the babel system
\it@lettering=\count91
\it@doublequoteactive=\count92
\it@ISOcompliance=\count93
)) (/usr/local/texlive/2019basic/texmf-dist/tex/latex/etoolbox/etoolbox.sty
Package: etoolbox 2019/09/21 v2.5h e-TeX tools for LaTeX (JAW)
\etb@tempcnta=\count94
)
(/usr/local/texlive/2019basic/texmf-dist/tex/latex/url/url.sty
\Urlmuskip=\muskip10
Package: url 2013/09/16  ver 3.4  Verb mode for urls, etc.
)
(/usr/local/texlive/2019basic/texmf-dist/tex/latex/hyperref/hyperref.sty
Package: hyperref 2019/09/28 v7.00a Hypertext links for LaTeX

(/usr/local/texlive/2019basic/texmf-dist/tex/generic/oberdiek/hobsub-hyperref.s
ty
Package: hobsub-hyperref 2016/05/16 v1.14 Bundle oberdiek, subset hyperref (HO)


(/usr/local/texlive/2019basic/texmf-dist/tex/generic/oberdiek/hobsub-generic.st
y
Package: hobsub-generic 2016/05/16 v1.14 Bundle oberdiek, subset generic (HO)
Package: hobsub 2016/05/16 v1.14 Construct package bundles (HO)
Package: infwarerr 2016/05/16 v1.4 Providing info/warning/error messages (HO)
Package: ltxcmds 2016/05/16 v1.23 LaTeX kernel commands for general use (HO)
Package: ifluatex 2016/05/16 v1.4 Provides the ifluatex switch (HO)
Package ifluatex Info: LuaTeX not detected.
Package: ifvtex 2016/05/16 v1.6 Detect VTeX and its facilities (HO)
Package ifvtex Info: VTeX not detected.
Package: intcalc 2016/05/16 v1.2 Expandable calculations with integers (HO)
Package: ifpdf 2018/09/07 v3.3 Provides the ifpdf switch
Package: etexcmds 2016/05/16 v1.6 Avoid name clashes with e-TeX commands (HO)
Package: kvsetkeys 2016/05/16 v1.17 Key value parser (HO)
Package: kvdefinekeys 2016/05/16 v1.4 Define keys (HO)
Package: pdftexcmds 2019/07/25 v0.30 Utility functions of pdfTeX for LuaTeX (HO
)
Package pdftexcmds Info: LuaTeX not detected.
Package pdftexcmds Info: \pdf@primitive is available.
Package pdftexcmds Info: \pdf@ifprimitive is available.
Package pdftexcmds Info: \pdfdraftmode found.
Package: pdfescape 2016/05/16 v1.14 Implements pdfTeX's escape features (HO)
Package: bigintcalc 2016/05/16 v1.4 Expandable calculations on big integers (HO
)
Package: bitset 2016/05/16 v1.2 Handle bit-vector datatype (HO)
Package: uniquecounter 2016/05/16 v1.3 Provide unlimited unique counter (HO)
)
Package hobsub Info: Skipping package `hobsub' (already loaded).
Package: letltxmacro 2016/05/16 v1.5 Let assignment for LaTeX macros (HO)
Package: hopatch 2016/05/16 v1.3 Wrapper for package hooks (HO)
Package: xcolor-patch 2016/05/16 xcolor patch
Package: atveryend 2016/05/16 v1.9 Hooks at the very end of document (HO)
Package: atbegshi 2016/06/09 v1.18 At begin shipout hook (HO)
Package: refcount 2016/05/16 v3.5 Data extraction from label references (HO)
Package: hycolor 2016/05/16 v1.8 Color options for hyperref/bookmark (HO)
) (/usr/local/texlive/2019basic/texmf-dist/tex/latex/graphics/keyval.sty
Package: keyval 2014/10/28 v1.15 key=value parser (DPC)
\KV@toks@=\toks16
)
(/usr/local/texlive/2019basic/texmf-dist/tex/generic/ifxetex/ifxetex.sty
Package: ifxetex 2010/09/12 v0.6 Provides ifxetex conditional
)
(/usr/local/texlive/2019basic/texmf-dist/tex/latex/oberdiek/auxhook.sty
Package: auxhook 2016/05/16 v1.4 Hooks for auxiliary files (HO)
)
(/usr/local/texlive/2019basic/texmf-dist/tex/latex/oberdiek/kvoptions.sty
Package: kvoptions 2016/05/16 v3.12 Key value format for package options (HO)
)
\@linkdim=\dimen104
\Hy@linkcounter=\count95
\Hy@pagecounter=\count96

(/usr/local/texlive/2019basic/texmf-dist/tex/latex/hyperref/pd1enc.def
File: pd1enc.def 2019/09/28 v7.00a Hyperref: PDFDocEncoding definition (HO)
Now handling font encoding PD1 ...
... no UTF-8 mapping file for font encoding PD1
)
\Hy@SavedSpaceFactor=\count97

(/usr/local/texlive/2019basic/texmf-dist/tex/latex/latexconfig/hyperref.cfg
File: hyperref.cfg 2002/06/06 v1.2 hyperref configuration of TeXLive
)
Package hyperref Info: Hyper figures OFF on input line 4540.
Package hyperref Info: Link nesting OFF on input line 4545.
Package hyperref Info: Hyper index ON on input line 4548.
Package hyperref Info: Plain pages OFF on input line 4555.
Package hyperref Info: Backreferencing OFF on input line 4560.
Package hyperref Info: Implicit mode ON; LaTeX internals redefined.
Package hyperref Info: Bookmarks ON on input line 4793.
\c@Hy@tempcnt=\count98
LaTeX Info: Redefining \url on input line 5152.
\XeTeXLinkMargin=\dimen105
\Fld@menulength=\count99
\Field@Width=\dimen106
\Fld@charsize=\dimen107
Package hyperref Info: Hyper figures OFF on input line 6423.
Package hyperref Info: Link nesting OFF on input line 6428.
Package hyperref Info: Hyper index ON on input line 6431.
Package hyperref Info: backreferencing OFF on input line 6438.
Package hyperref Info: Link coloring OFF on input line 6443.
Package hyperref Info: Link coloring with OCG OFF on input line 6448.
Package hyperref Info: PDF/A mode OFF on input line 6453.
LaTeX Info: Redefining \ref on input line 6493.
LaTeX Info: Redefining \pageref on input line 6497.
\Hy@abspage=\count100
\c@Item=\count101
\c@Hfootnote=\count102
)
Package hyperref Info: Driver (autodetected): hpdftex.

(/usr/local/texlive/2019basic/texmf-dist/tex/latex/hyperref/hpdftex.def
File: hpdftex.def 2019/09/28 v7.00a Hyperref driver for pdfTeX
\Fld@listcount=\count103
\c@bookmark@seq@number=\count104

(/usr/local/texlive/2019basic/texmf-dist/tex/latex/oberdiek/rerunfilecheck.sty
Package: rerunfilecheck 2016/05/16 v1.8 Rerun checks for auxiliary files (HO)
Package uniquecounter Info: New unique counter `rerunfilecheck' on input line 2
82.
)
\Hy@SectionHShift=\skip43
) (/usr/local/texlive/2019basic/texmf-dist/tex/latex/graphics/graphicx.sty
Package: graphicx 2017/06/01 v1.1a Enhanced LaTeX Graphics (DPC,SPQR)

(/usr/local/texlive/2019basic/texmf-dist/tex/latex/graphics/graphics.sty
Package: graphics 2019/07/20 v1.3b Standard LaTeX Graphics (DPC,SPQR)

(/usr/local/texlive/2019basic/texmf-dist/tex/latex/graphics/trig.sty
Package: trig 2016/01/03 v1.10 sin cos tan (DPC)
)
(/usr/local/texlive/2019basic/texmf-dist/tex/latex/graphics-cfg/graphics.cfg
File: graphics.cfg 2016/06/04 v1.11 sample graphics configuration
)
Package graphics Info: Driver file: pdftex.def on input line 105.

(/usr/local/texlive/2019basic/texmf-dist/tex/latex/graphics-def/pdftex.def
File: pdftex.def 2018/01/08 v1.0l Graphics/color driver for pdftex
))
\Gin@req@height=\dimen108
\Gin@req@width=\dimen109
)
(./Tesi.aux

LaTeX Warning: Label `fig:week_weekend' multiply defined.


LaTeX Warning: Label `fig:sesso_morti_feriti' multiply defined.


LaTeX Warning: Label `fig:milano_adriatica' multiply defined.

)
\openout1 = `Tesi.aux'.

LaTeX Font Info:    Checking defaults for OML/cmm/m/it on input line 22.
LaTeX Font Info:    ... okay on input line 22.
LaTeX Font Info:    Checking defaults for T1/cmr/m/n on input line 22.
LaTeX Font Info:    ... okay on input line 22.
LaTeX Font Info:    Checking defaults for OT1/cmr/m/n on input line 22.
LaTeX Font Info:    ... okay on input line 22.
LaTeX Font Info:    Checking defaults for OMS/cmsy/m/n on input line 22.
LaTeX Font Info:    ... okay on input line 22.
LaTeX Font Info:    Checking defaults for OMX/cmex/m/n on input line 22.
LaTeX Font Info:    ... okay on input line 22.
LaTeX Font Info:    Checking defaults for U/cmr/m/n on input line 22.
LaTeX Font Info:    ... okay on input line 22.
LaTeX Font Info:    Checking defaults for PD1/pdf/m/n on input line 22.
LaTeX Font Info:    ... okay on input line 22.
LaTeX Info: Redefining \it@ocap on input line 22.
LaTeX Info: Redefining \it@ccap on input line 22.


File italian.ldf warning: 
italian.ldf    With OT1 encoding guillemets are poorly faked
italian.ldf    Use T1 encoding
italian.ldf    or specify a font with command \CaporaliFrom
italian.ldf    See the documentation concerning the babel-italian typesetting 
italian.ldf    on input line 22.

\AtBeginShipoutBox=\box27
Package hyperref Info: Link coloring OFF on input line 22.
(/usr/local/texlive/2019basic/texmf-dist/tex/latex/hyperref/nameref.sty
Package: nameref 2019/09/16 v2.46 Cross-referencing by name of section

(/usr/local/texlive/2019basic/texmf-dist/tex/generic/oberdiek/gettitlestring.st
y
Package: gettitlestring 2016/05/16 v1.5 Cleanup title references (HO)
)
\c@section@level=\count105
)
LaTeX Info: Redefining \ref on input line 22.
LaTeX Info: Redefining \pageref on input line 22.
LaTeX Info: Redefining \nameref on input line 22.
 (./Tesi.out) (./Tesi.out)
\@outlinefile=\write3
\openout3 = `Tesi.out'.


(/usr/local/texlive/2019basic/texmf-dist/tex/context/base/mkii/supp-pdf.mkii
[Loading MPS to PDF converter (version 2006.09.02).]
\scratchcounter=\count106
\scratchdimen=\dimen110
\scratchbox=\box28
\nofMPsegments=\count107
\nofMParguments=\count108
\everyMPshowfont=\toks17
\MPscratchCnt=\count109
\MPscratchDim=\dimen111
\MPnumerator=\count110
\makeMPintoPDFobject=\count111
\everyMPtoPDFconversion=\toks18
) (/usr/local/texlive/2019basic/texmf-dist/tex/latex/oberdiek/epstopdf-base.sty
Package: epstopdf-base 2016/05/15 v2.6 Base part for package epstopdf
(/usr/local/texlive/2019basic/texmf-dist/tex/latex/oberdiek/grfext.sty
Package: grfext 2016/05/16 v1.2 Manage graphics extensions (HO)
)
Package epstopdf-base Info: Redefining graphics rule for `.eps' on input line 4
38.
Package grfext Info: Graphics extension search list:
(grfext)             [.pdf,.png,.jpg,.mps,.jpeg,.jbig2,.jb2,.PDF,.PNG,.JPG,.JPE
G,.JBIG2,.JB2,.eps]
(grfext)             \AppendGraphicsExtensions on input line 456.

(/usr/local/texlive/2019basic/texmf-dist/tex/latex/latexconfig/epstopdf-sys.cfg
File: epstopdf-sys.cfg 2010/07/13 v1.3 Configuration of (r)epstopdf for TeX Liv
e
))
<Logo.jpg, id=152, 398.4486pt x 156.585pt>
File: Logo.jpg Graphic file (type jpg)
<use Logo.jpg>
Package pdftex.def Info: Logo.jpg  used on input line 27.
(pdftex.def)             Requested size: 345.0pt x 135.58273pt.
 [1

{/usr/local/texlive/2019basic/texmf-var/fonts/map/pdftex/updmap/pdftex.map} <./
Logo.jpg>] (./Tesi.toc
LaTeX Font Info:    External font `cmex10' loaded for size
(Font)              <7> on input line 5.
LaTeX Font Info:    External font `cmex10' loaded for size
(Font)              <5> on input line 5.
pdfTeX warning (ext4): destination with the same identifier (name{page.1}) has 
been already used, duplicate ignored
<to be read again> 
                   \relax 
l.37 ...iaggiare in Agosto?}{45}{subsection.3.5.6}
                                                  % [1

])
\tf@toc=\write4
\openout4 = `Tesi.toc'.

 [2]
Capitolo 1.
[3

]
Capitolo 2.
[4

]
<../src/incidenti/geo_incidenti.png, id=219, 452.69125pt x 409.53pt>
File: ../src/incidenti/geo_incidenti.png Graphic file (type png)
<use ../src/incidenti/geo_incidenti.png>
Package pdftex.def Info: ../src/incidenti/geo_incidenti.png  used on input line
 75.
(pdftex.def)             Requested size: 345.0pt x 312.10213pt.
 [5

 <../src/incidenti/geo_incidenti.png>]
<../src/atm/mappa_2.png, id=227, 910.40125pt x 807.015pt>
File: ../src/atm/mappa_2.png Graphic file (type png)
<use ../src/atm/mappa_2.png>
Package pdftex.def Info: ../src/atm/mappa_2.png  used on input line 92.
(pdftex.def)             Requested size: 345.0pt x 305.81921pt.
<../src/atm/navigli.png, id=228, 987.69pt x 789.95125pt>
File: ../src/atm/navigli.png Graphic file (type png)
<use ../src/atm/navigli.png>
Package pdftex.def Info: ../src/atm/navigli.png  used on input line 112.
(pdftex.def)             Requested size: 345.0pt x 275.92055pt.
<../src/atm/22_marzo.png, id=229, 846.16125pt x 827.09pt>
File: ../src/atm/22_marzo.png Graphic file (type png)
<use ../src/atm/22_marzo.png>
Package pdftex.def Info: ../src/atm/22_marzo.png  used on input line 121.
(pdftex.def)             Requested size: 345.0pt x 337.21603pt.
 [6

 <../src/atm/mappa_2.png>]
[7 <../src/atm/navigli.png>] [8 <../src/atm/22_marzo.png>]
<../dataset/pave/Cartina_Milano_Strade_Pavimentazione_Pavé_2.jpg, id=249, 1422
.31375pt x 1066.98625pt>
File: ../dataset/pave/Cartina_Milano_Strade_Pavimentazione_Pavé_2.jpg Graphic 
file (type jpg)
<use ../dataset/pave/Cartina_Milano_Strade_Pavimentazione_Pavé_2.jpg>
Package pdftex.def Info: ../dataset/pave/Cartina_Milano_Strade_Pavimentazione_P
avé_2.jpg  used on input line 135.
(pdftex.def)             Requested size: 345.0pt x 258.80084pt.
 [9

 <../dataset/pave/Cartina_Milano_Strade_Pavimentazione_Pavé_2.jpg>] [10

]
<../src/autovelox/autovelox_2014.png, id=259, 762.85pt x 795.97375pt>
File: ../src/autovelox/autovelox_2014.png Graphic file (type png)
<use ../src/autovelox/autovelox_2014.png>
Package pdftex.def Info: ../src/autovelox/autovelox_2014.png  used on input lin
e 161.
(pdftex.def)             Requested size: 345.0pt x 359.97028pt.
<../src/autovelox/mappa_3.png, id=260, 954.56625pt x 817.0525pt>
File: ../src/autovelox/mappa_3.png Graphic file (type png)
<use ../src/autovelox/mappa_3.png>
Package pdftex.def Info: ../src/autovelox/mappa_3.png  used on input line 170.
(pdftex.def)             Requested size: 345.0pt x 295.29813pt.
 [11

 <../src/autovelox/autovelox_2014.png>] [12 <../src/autovelox/mappa_3.png>] [13

]
Capitolo 3.
[14


] [15

]
<../src/incidenti/incidenti_senza_coords/tipo_veicoli/differenza_strade.png, id
=286, 630.355pt x 657.45625pt>
File: ../src/incidenti/incidenti_senza_coords/tipo_veicoli/differenza_strade.pn
g Graphic file (type png)
<use ../src/incidenti/incidenti_senza_coords/tipo_veicoli/differenza_strade.png
>
Package pdftex.def Info: ../src/incidenti/incidenti_senza_coords/tipo_veicoli/d
ifferenza_strade.png  used on input line 201.
(pdftex.def)             Requested size: 345.0pt x 359.83643pt.
 [16

 <../src/incidenti/incidenti_senza_coords/tipo_veicoli/differenza_strade.png>] 
[17

]
<../src/incidenti/incidenti_senza_coords/tipo_veicoli/uomo-donna.png, id=297, 6
31.35875pt x 469.755pt>
File: ../src/incidenti/incidenti_senza_coords/tipo_veicoli/uomo-donna.png Graph
ic file (type png)
<use ../src/incidenti/incidenti_senza_coords/tipo_veicoli/uomo-donna.png>
Package pdftex.def Info: ../src/incidenti/incidenti_senza_coords/tipo_veicoli/u
omo-donna.png  used on input line 218.
(pdftex.def)             Requested size: 345.0pt x 256.69594pt.
 [18

 <../src/incidenti/incidenti_senza_coords/tipo_veicoli/uomo-donna.png>]
<../src/incidenti/incidenti_senza_coords/tipo_veicoli/differenza_eta.png, id=30
5, 632.3625pt x 470.75874pt>
File: ../src/incidenti/incidenti_senza_coords/tipo_veicoli/differenza_eta.png G
raphic file (type png)
<use ../src/incidenti/incidenti_senza_coords/tipo_veicoli/differenza_eta.png>
Package pdftex.def Info: ../src/incidenti/incidenti_senza_coords/tipo_veicoli/d
ifferenza_eta.png  used on input line 234.
(pdftex.def)             Requested size: 345.0pt x 256.83498pt.
 [19

 <../src/incidenti/incidenti_senza_coords/tipo_veicoli/differenza_eta.png>]
<../src/incidenti/incidenti_senza_coords/tipo_veicoli/passeggeri.png, id=313, 6
30.355pt x 438.63875pt>
File: ../src/incidenti/incidenti_senza_coords/tipo_veicoli/passeggeri.png Graph
ic file (type png)
<use ../src/incidenti/incidenti_senza_coords/tipo_veicoli/passeggeri.png>
Package pdftex.def Info: ../src/incidenti/incidenti_senza_coords/tipo_veicoli/p
asseggeri.png  used on input line 247.
(pdftex.def)             Requested size: 345.0pt x 240.07407pt.
 [20

 <../src/incidenti/incidenti_senza_coords/tipo_veicoli/passeggeri.png>] [21

] [22

]
<../src/incidenti/incidenti_senza_coords/ore_punta/week_weekend.png, id=328, 59
7.23125pt x 449.68pt>
File: ../src/incidenti/incidenti_senza_coords/ore_punta/week_weekend.png Graphi
c file (type png)
<use ../src/incidenti/incidenti_senza_coords/ore_punta/week_weekend.png>
Package pdftex.def Info: ../src/incidenti/incidenti_senza_coords/ore_punta/week
_weekend.png  used on input line 278.
(pdftex.def)             Requested size: 345.0pt x 259.76476pt.
<../src/incidenti/incidenti_senza_coords/ore_punta/ore_punta_mattina.png, id=32
9, 964.60374pt x 723.70375pt>
File: ../src/incidenti/incidenti_senza_coords/ore_punta/ore_punta_mattina.png G
raphic file (type png)
<use ../src/incidenti/incidenti_senza_coords/ore_punta/ore_punta_mattina.png>
Package pdftex.def Info: ../src/incidenti/incidenti_senza_coords/ore_punta/ore_
punta_mattina.png  used on input line 289.
(pdftex.def)             Requested size: 345.0pt x 258.83255pt.
<../src/incidenti/incidenti_senza_coords/ore_punta/ore_punta_sera.png, id=330, 
961.5925pt x 728.7225pt>
File: ../src/incidenti/incidenti_senza_coords/ore_punta/ore_punta_sera.png Grap
hic file (type png)
<use ../src/incidenti/incidenti_senza_coords/ore_punta/ore_punta_sera.png>
Package pdftex.def Info: ../src/incidenti/incidenti_senza_coords/ore_punta/ore_
punta_sera.png  used on input line 295.
(pdftex.def)             Requested size: 345.0pt x 261.45035pt.
 [23

 <../src/incidenti/incidenti_senza_coords/ore_punta/week_weekend.png>] [24 <../
src/incidenti/incidenti_senza_coords/ore_punta/ore_punta_mattina.png> <../src/i
ncidenti/incidenti_senza_coords/ore_punta/ore_punta_sera.png>]
<../src/incidenti/incidenti_senza_coords/ore_punta/week_weekend_milano.png, id=
346, 570.13pt x 435.6275pt>
File: ../src/incidenti/incidenti_senza_coords/ore_punta/week_weekend_milano.png
 Graphic file (type png)
<use ../src/incidenti/incidenti_senza_coords/ore_punta/week_weekend_milano.png>

Package pdftex.def Info: ../src/incidenti/incidenti_senza_coords/ore_punta/week
_weekend_milano.png  used on input line 316.
(pdftex.def)             Requested size: 345.0pt x 263.6053pt.
 [25

 <../src/incidenti/incidenti_senza_coords/ore_punta/week_weekend_milano.png>]
<../src/incidenti/incidenti_senza_coords/ore_punta/ore_notte.png, id=353, 846.1
6125pt x 647.41875pt>
File: ../src/incidenti/incidenti_senza_coords/ore_punta/ore_notte.png Graphic f
ile (type png)
<use ../src/incidenti/incidenti_senza_coords/ore_punta/ore_notte.png>
Package pdftex.def Info: ../src/incidenti/incidenti_senza_coords/ore_punta/ore_
notte.png  used on input line 330.
(pdftex.def)             Requested size: 345.0pt x 263.96158pt.
 [26

 <../src/incidenti/incidenti_senza_coords/ore_punta/ore_notte.png>]
<../src/incidenti/incidenti_senza_coords/mese_incidenti/milano_mese.png, id=360
, 559.08875pt x 430.60875pt>
File: ../src/incidenti/incidenti_senza_coords/mese_incidenti/milano_mese.png Gr
aphic file (type png)
<use ../src/incidenti/incidenti_senza_coords/mese_incidenti/milano_mese.png>
Package pdftex.def Info: ../src/incidenti/incidenti_senza_coords/mese_incidenti
/milano_mese.png  used on input line 341.
(pdftex.def)             Requested size: 345.0pt x 265.72624pt.
[27

 <../src/incidenti/incidenti_senza_coords/mese_incidenti/milano_mese.png>]
<../src/incidenti/incidenti_senza_coords/mese_incidenti/milano_rimini.png, id=3
67, 565.11125pt x 447.6725pt>
File: ../src/incidenti/incidenti_senza_coords/mese_incidenti/milano_rimini.png 
Graphic file (type png)
<use ../src/incidenti/incidenti_senza_coords/mese_incidenti/milano_rimini.png>
Package pdftex.def Info: ../src/incidenti/incidenti_senza_coords/mese_incidenti
/milano_rimini.png  used on input line 354.
(pdftex.def)             Requested size: 345.0pt x 273.30524pt.
<../src/incidenti/incidenti_senza_coords/mese_incidenti/valle_aosta.png, id=368
, 575.14874pt x 450.68375pt>
File: ../src/incidenti/incidenti_senza_coords/mese_incidenti/valle_aosta.png Gr
aphic file (type png)
<use ../src/incidenti/incidenti_senza_coords/mese_incidenti/valle_aosta.png>
Package pdftex.def Info: ../src/incidenti/incidenti_senza_coords/mese_incidenti
/valle_aosta.png  used on input line 366.
(pdftex.def)             Requested size: 345.0pt x 270.35043pt.
<../src/incidenti/incidenti_senza_coords/mese_incidenti/aosta_timestre.png, id=
369, 587.19376pt x 432.61626pt>
File: ../src/incidenti/incidenti_senza_coords/mese_incidenti/aosta_timestre.png
 Graphic file (type png)
<use ../src/incidenti/incidenti_senza_coords/mese_incidenti/aosta_timestre.png>

Package pdftex.def Info: ../src/incidenti/incidenti_senza_coords/mese_incidenti
/aosta_timestre.png  used on input line 376.
(pdftex.def)             Requested size: 345.0pt x 254.17859pt.
<../src/incidenti/incidenti_senza_coords/mese_incidenti/milano_trimestre.png, i
d=370, 561.09625pt x 430.60875pt>
File: ../src/incidenti/incidenti_senza_coords/mese_incidenti/milano_trimestre.p
ng Graphic file (type png)
<use ../src/incidenti/incidenti_senza_coords/mese_incidenti/milano_trimestre.pn
g>
Package pdftex.def Info: ../src/incidenti/incidenti_senza_coords/mese_incidenti
/milano_trimestre.png  used on input line 388.
(pdftex.def)             Requested size: 345.0pt x 264.76695pt.
<../src/incidenti/incidenti_senza_coords/mese_incidenti/rimini_trimestre.png, i
d=371, 561.09625pt x 430.60875pt>
File: ../src/incidenti/incidenti_senza_coords/mese_incidenti/rimini_trimestre.p
ng Graphic file (type png)
<use ../src/incidenti/incidenti_senza_coords/mese_incidenti/rimini_trimestre.pn
g>
Package pdftex.def Info: ../src/incidenti/incidenti_senza_coords/mese_incidenti
/rimini_trimestre.png  used on input line 394.
(pdftex.def)             Requested size: 345.0pt x 264.76695pt.

[28

 <../src/incidenti/incidenti_senza_coords/mese_incidenti/milano_rimini.png>] [2
9 <../src/incidenti/incidenti_senza_coords/mese_incidenti/valle_aosta.png> <../
src/incidenti/incidenti_senza_coords/mese_incidenti/aosta_timestre.png>]
[30 <../src/incidenti/incidenti_senza_coords/mese_incidenti/milano_trimestre.pn
g> <../src/incidenti/incidenti_senza_coords/mese_incidenti/rimini_trimestre.png
>] [31

]
<../src/incidenti/incidenti_senza_coords/localizzazione_incidente/tipo_incident
e.png, id=399, 627.34375pt x 467.7475pt>
File: ../src/incidenti/incidenti_senza_coords/localizzazione_incidente/tipo_inc
idente.png Graphic file (type png)
<use ../src/incidenti/incidenti_senza_coords/localizzazione_incidente/tipo_inci
dente.png>
Package pdftex.def Info: ../src/incidenti/incidenti_senza_coords/localizzazione
_incidente/tipo_incidente.png  used on input line 411.
(pdftex.def)             Requested size: 345.0pt x 257.2405pt.
 [32

 <../src/incidenti/incidenti_senza_coords/localizzazione_incidente/tipo_inciden
te.png>]
<../src/incidenti/incidenti_senza_coords/localizzazione_incidente/intersezioni.
png, id=406, 627.34375pt x 464.73625pt>
File: ../src/incidenti/incidenti_senza_coords/localizzazione_incidente/intersez
ioni.png Graphic file (type png)
<use ../src/incidenti/incidenti_senza_coords/localizzazione_incidente/intersezi
oni.png>
Package pdftex.def Info: ../src/incidenti/incidenti_senza_coords/localizzazione
_incidente/intersezioni.png  used on input line 422.
(pdftex.def)             Requested size: 345.0pt x 255.58444pt.
 [33

 <../src/incidenti/incidenti_senza_coords/localizzazione_incidente/intersezioni
.png>]
<../src/incidenti/incidenti_senza_coords/natura_incidente/numero_feriti.png, id
=413, 573.14125pt x 428.60126pt>
File: ../src/incidenti/incidenti_senza_coords/natura_incidente/numero_feriti.pn
g Graphic file (type png)
<use ../src/incidenti/incidenti_senza_coords/natura_incidente/numero_feriti.png
>
Package pdftex.def Info: ../src/incidenti/incidenti_senza_coords/natura_inciden
te/numero_feriti.png  used on input line 435.
(pdftex.def)             Requested size: 345.0pt x 257.99985pt.
 [34

 <../src/incidenti/incidenti_senza_coords/natura_incidente/numero_feriti.png>]
<../src/incidenti/incidenti_senza_coords/pedoni/pedoni_incroci.png, id=420, 628
.3475pt x 442.65375pt>
File: ../src/incidenti/incidenti_senza_coords/pedoni/pedoni_incroci.png Graphic
 file (type png)
<use ../src/incidenti/incidenti_senza_coords/pedoni/pedoni_incroci.png>
Package pdftex.def Info: ../src/incidenti/incidenti_senza_coords/pedoni/pedoni_
incroci.png  used on input line 449.
(pdftex.def)             Requested size: 345.0pt x 243.04153pt.
 [35

 <../src/incidenti/incidenti_senza_coords/pedoni/pedoni_incroci.png>]
<../src/incidenti/incidenti_senza_coords/pedoni/eta_pedoni.png, id=427, 842.146
26pt x 471.7625pt>
File: ../src/incidenti/incidenti_senza_coords/pedoni/eta_pedoni.png Graphic fil
e (type png)
<use ../src/incidenti/incidenti_senza_coords/pedoni/eta_pedoni.png>
Package pdftex.def Info: ../src/incidenti/incidenti_senza_coords/pedoni/eta_ped
oni.png  used on input line 464.
(pdftex.def)             Requested size: 345.0pt x 193.2655pt.
<../src/incidenti/incidenti_senza_coords/pedoni/eta_pedoni_norm.png, id=428, 62
1.32124pt x 475.7775pt>
File: ../src/incidenti/incidenti_senza_coords/pedoni/eta_pedoni_norm.png Graphi
c file (type png)
<use ../src/incidenti/incidenti_senza_coords/pedoni/eta_pedoni_norm.png>
Package pdftex.def Info: ../src/incidenti/incidenti_senza_coords/pedoni/eta_ped
oni_norm.png  used on input line 476.
(pdftex.def)             Requested size: 345.0pt x 264.18304pt.
<../src/incidenti/incidenti_senza_coords/pedoni/sesso_morti_feriti.png, id=429,
 611.28375pt x 357.335pt>
File: ../src/incidenti/incidenti_senza_coords/pedoni/sesso_morti_feriti.png Gra
phic file (type png)
<use ../src/incidenti/incidenti_senza_coords/pedoni/sesso_morti_feriti.png>
Package pdftex.def Info: ../src/incidenti/incidenti_senza_coords/pedoni/sesso_m
orti_feriti.png  used on input line 485.
(pdftex.def)             Requested size: 345.0pt x 201.6711pt.
 [36

 <../src/incidenti/incidenti_senza_coords/pedoni/eta_pedoni.png>] [37 <../src/i
ncidenti/incidenti_senza_coords/pedoni/eta_pedoni_norm.png> <../src/incidenti/i
ncidenti_senza_coords/pedoni/sesso_morti_feriti.png>] [38

]
<../src/incidenti/incidenti_aci/comuni/corr_incidenti_feriti.png, id=449, 629.3
5126pt x 471.7625pt>
File: ../src/incidenti/incidenti_aci/comuni/corr_incidenti_feriti.png Graphic f
ile (type png)
<use ../src/incidenti/incidenti_aci/comuni/corr_incidenti_feriti.png>
Package pdftex.def Info: ../src/incidenti/incidenti_aci/comuni/corr_incidenti_f
eriti.png  used on input line 524.
(pdftex.def)             Requested size: 345.0pt x 258.61354pt.
 [39

 <../src/incidenti/incidenti_aci/comuni/corr_incidenti_feriti.png>]
<../src/incidenti/incidenti_aci/autostrade/autostrade.png, id=456, 842.14626pt 
x 692.5875pt>
File: ../src/incidenti/incidenti_aci/autostrade/autostrade.png Graphic file (ty
pe png)
<use ../src/incidenti/incidenti_aci/autostrade/autostrade.png>
Package pdftex.def Info: ../src/incidenti/incidenti_aci/autostrade/autostrade.p
ng  used on input line 537.
(pdftex.def)             Requested size: 345.0pt x 283.73021pt.
 [40

 <../src/incidenti/incidenti_aci/autostrade/autostrade.png>]
<../src/incidenti/incidenti_aci/autostrade/incidenti_bubble_chart.png, id=464, 
819.06pt x 788.9475pt>
File: ../src/incidenti/incidenti_aci/autostrade/incidenti_bubble_chart.png Grap
hic file (type png)
<use ../src/incidenti/incidenti_aci/autostrade/incidenti_bubble_chart.png>
Package pdftex.def Info: ../src/incidenti/incidenti_aci/autostrade/incidenti_bu
bble_chart.png  used on input line 553.
(pdftex.def)             Requested size: 345.0pt x 332.31876pt.
 [41

 <../src/incidenti/incidenti_aci/autostrade/incidenti_bubble_chart.png>]
<../src/incidenti/incidenti_aci/autostrade/mesi_autostrade.png, id=471, 582.175
pt x 444.66125pt>
File: ../src/incidenti/incidenti_aci/autostrade/mesi_autostrade.png Graphic fil
e (type png)
<use ../src/incidenti/incidenti_aci/autostrade/mesi_autostrade.png>
Package pdftex.def Info: ../src/incidenti/incidenti_aci/autostrade/mesi_autostr
ade.png  used on input line 565.
(pdftex.def)             Requested size: 345.0pt x 263.51488pt.
<../src/incidenti/incidenti_aci/autostrade/milano_adriatica.png, id=472, 632.36
25pt x 469.755pt>
File: ../src/incidenti/incidenti_aci/autostrade/milano_adriatica.png Graphic fi
le (type png)
<use ../src/incidenti/incidenti_aci/autostrade/milano_adriatica.png>
Package pdftex.def Info: ../src/incidenti/incidenti_aci/autostrade/milano_adria
tica.png  used on input line 581.
(pdftex.def)             Requested size: 345.0pt x 256.28737pt.
 [42

 <../src/incidenti/incidenti_aci/autostrade/mesi_autostrade.png>] [43 <../src/i
ncidenti/incidenti_aci/autostrade/milano_adriatica.png>]
<../src/incidenti/incidenti_aci/autostrade/tangenziali_autostrade.png, id=486, 
1513.655pt x 688.5725pt>
File: ../src/incidenti/incidenti_aci/autostrade/tangenziali_autostrade.png Grap
hic file (type png)
<use ../src/incidenti/incidenti_aci/autostrade/tangenziali_autostrade.png>
Package pdftex.def Info: ../src/incidenti/incidenti_aci/autostrade/tangenziali_
autostrade.png  used on input line 593.
(pdftex.def)             Requested size: 345.0pt x 156.93942pt.


! LaTeX Error: Environment subfigure undefined.

See the LaTeX manual or LaTeX Companion for explanation.
Type  H <return>  for immediate help.
 ...                                              
                                                  
l.599     \begin{subfigure}
                           {\textwidth}
? 
! Missing number, treated as zero.
<to be read again> 
                   }
l.599     \begin{subfigure}{\textwidth}
                                       
? 
! Illegal unit of measure (pt inserted).
<to be read again> 
                   }
l.599     \begin{subfigure}{\textwidth}
                                       
? 
<../src/incidenti/incidenti_aci/autostrade/legenda_autostrade.png, id=487, 403.
5075pt x 100.375pt>
File: ../src/incidenti/incidenti_aci/autostrade/legenda_autostrade.png Graphic 
file (type png)
<use ../src/incidenti/incidenti_aci/autostrade/legenda_autostrade.png>
Package pdftex.def Info: ../src/incidenti/incidenti_aci/autostrade/legenda_auto
strade.png  used on input line 601.
(pdftex.def)             Requested size: 207.0021pt x 51.49382pt.

! LaTeX Error: \begin{figure} on input line 598 ended by \end{subfigure}.

See the LaTeX manual or LaTeX Companion for explanation.
Type  H <return>  for immediate help.
 ...                                              
                                                  
l.604     \end{subfigure}
                         %
? 

! LaTeX Error: Environment subfigure undefined.

See the LaTeX manual or LaTeX Companion for explanation.
Type  H <return>  for immediate help.
 ...                                              
                                                  
l.605     \begin{subfigure}
                           {\textwidth}
? 
! Missing number, treated as zero.
<to be read again> 
                   }
l.605     \begin{subfigure}{\textwidth}
                                       
? 
! Illegal unit of measure (pt inserted).
<to be read again> 
                   }
l.605     \begin{subfigure}{\textwidth}
                                       
? 
<../src/incidenti/incidenti_aci/autostrade/legenda_tangenziali.png, id=488, 290
.08376pt x 80.3pt>
File: ../src/incidenti/incidenti_aci/autostrade/legenda_tangenziali.png Graphic
 file (type png)
<use ../src/incidenti/incidenti_aci/autostrade/legenda_tangenziali.png>
Package pdftex.def Info: ../src/incidenti/incidenti_aci/autostrade/legenda_tang
enziali.png  used on input line 607.
(pdftex.def)             Requested size: 172.5pt x 47.75151pt.

! LaTeX Error: \begin{figure} on input line 598 ended by \end{subfigure}.

See the LaTeX manual or LaTeX Companion for explanation.
Type  H <return>  for immediate help.
 ...                                              
                                                  
l.610     \end{subfigure}
                         
? 
[44

 <../src/incidenti/incidenti_aci/autostrade/tangenziali_autostrade.png> <../src
/incidenti/incidenti_aci/autostrade/legenda_autostrade.png> <../src/incidenti/i
ncidenti_aci/autostrade/legenda_tangenziali.png>]
<../src/incidenti/incidenti_aci/agosto/autostrade_anno_agosto.png, id=500, 667.
49374pt x 523.9575pt>
File: ../src/incidenti/incidenti_aci/agosto/autostrade_anno_agosto.png Graphic 
file (type png)
<use ../src/incidenti/incidenti_aci/agosto/autostrade_anno_agosto.png>
Package pdftex.def Info: ../src/incidenti/incidenti_aci/agosto/autostrade_anno_
agosto.png  used on input line 622.
(pdftex.def)             Requested size: 345.0pt x 270.82051pt.
<../src/incidenti/incidenti_aci/agosto/adriatica.png, id=501, 276.03125pt x 233
.87375pt>
File: ../src/incidenti/incidenti_aci/agosto/adriatica.png Graphic file (type pn
g)
<use ../src/incidenti/incidenti_aci/agosto/adriatica.png>
Package pdftex.def Info: ../src/incidenti/incidenti_aci/agosto/adriatica.png  u
sed on input line 636.
(pdftex.def)             Requested size: 345.0pt x 292.34143pt.
 [45

 <../src/incidenti/incidenti_aci/agosto/autostrade_anno_agosto.png>] [46 <../sr
c/incidenti/incidenti_aci/agosto/adriatica.png>]
<../src/incidenti/incidenti_aci/agosto/autostrade.png, id=514, 995.72pt x 851.1
8pt>
File: ../src/incidenti/incidenti_aci/agosto/autostrade.png Graphic file (type p
ng)
<use ../src/incidenti/incidenti_aci/agosto/autostrade.png>
Package pdftex.def Info: ../src/incidenti/incidenti_aci/agosto/autostrade.png  
used on input line 648.
(pdftex.def)             Requested size: 345.0pt x 294.91724pt.
 [47

 <../src/incidenti/incidenti_aci/agosto/autostrade.png>]
Capitolo 4.
No file Tesi.bbl.
Package atveryend Info: Empty hook `BeforeClearDocument' on input line 672.
[48


]
Package atveryend Info: Empty hook `AfterLastShipout' on input line 672.
 (./Tesi.aux)
Package atveryend Info: Executing hook `AtVeryEndDocument' on input line 672.
Package atveryend Info: Executing hook `AtEndAfterFileList' on input line 672.
Package rerunfilecheck Info: File `Tesi.out' has not changed.
(rerunfilecheck)             Checksum: CE662C387A4B823AD1831DB238567C22;3363.


LaTeX Warning: There were multiply-defined labels.

 ) 
Here is how much of TeX's memory you used:
 6503 strings out of 493610
 107669 string characters out of 6159293
 196728 words of memory out of 5000000
 10443 multiletter control sequences out of 15000+600000
 6370 words of font info for 23 fonts, out of 8000000 for 9000
 319 hyphenation exceptions out of 8191
 31i,6n,28p,794b,478s stack positions out of 5000i,500n,10000p,200000b,80000s
</usr/local/texlive/2019basic/texmf-dist/fonts/type1/public/amsfonts/cm/cmbx1
0.pfb></usr/local/texlive/2019basic/texmf-dist/fonts/type1/public/amsfonts/cm/c
mbx12.pfb></usr/local/texlive/2019basic/texmf-dist/fonts/type1/public/amsfonts/
cm/cmmi10.pfb></usr/local/texlive/2019basic/texmf-dist/fonts/type1/public/amsfo
nts/cm/cmr10.pfb></usr/local/texlive/2019basic/texmf-dist/fonts/type1/public/am
sfonts/cm/cmsy10.pfb>
Output written on Tesi.pdf (49 pages, 32111595 bytes).
PDF statistics:
 577 PDF objects out of 1000 (max. 8388607)
 436 compressed objects within 5 object streams
 127 named destinations out of 1000 (max. 500000)
 502 words of extra memory for PDF output out of 10000 (max. 10000000)

